0 info it worked if it ends with ok
1 verbose cli [ 'node',
1 verbose cli   'C:\\Users\\ctrombley\\AppData\\Roaming\\npm\\node_modules\\npm\\bin\\npm-cli.js',
1 verbose cli   'publish',
1 verbose cli   '--registry',
1 verbose cli   'http://registry.npmjs.org',
1 verbose cli   '--force' ]
2 info using npm@2.13.0
3 info using node@v0.10.28
4 warn using --force I sure hope you know what you are doing.
5 verbose publish [ '.' ]
6 silly cache add args [ '.', null ]
7 verbose cache add spec .
8 silly cache add parsed spec { raw: '.',
8 silly cache add   scope: null,
8 silly cache add   name: null,
8 silly cache add   rawSpec: '.',
8 silly cache add   spec: 'C:\\temp\\glob-tail',
8 silly cache add   type: 'directory' }
9 verbose addLocalDirectory C:\Users\ctrombley\AppData\Roaming\npm-cache\glob-tail\1.0.1\package.tgz not in flight; packing
10 verbose tar pack [ 'C:\\Users\\ctrombley\\AppData\\Roaming\\npm-cache\\glob-tail\\1.0.1\\package.tgz',
10 verbose tar pack   'C:\\temp\\glob-tail' ]
11 verbose tarball C:\Users\ctrombley\AppData\Roaming\npm-cache\glob-tail\1.0.1\package.tgz
12 verbose folder C:\temp\glob-tail
13 info prepublish glob-tail@1.0.1
14 verbose addLocalTarball adding from inside cache C:\Users\ctrombley\AppData\Roaming\npm-cache\glob-tail\1.0.1\package.tgz
15 silly cache afterAdd glob-tail@1.0.1
16 verbose afterAdd C:\Users\ctrombley\AppData\Roaming\npm-cache\glob-tail\1.0.1\package\package.json not in flight; writing
17 verbose afterAdd C:\Users\ctrombley\AppData\Roaming\npm-cache\glob-tail\1.0.1\package\package.json written
18 silly publish { name: 'glob-tail',
18 silly publish   version: '1.0.1',
18 silly publish   description: 'Return the tail of all files matching a glob pattern.',
18 silly publish   main: 'index.js',
18 silly publish   scripts: { test: 'jasmine-node spec/' },
18 silly publish   author: { name: 'Chris Trombley' },
18 silly publish   license: 'ISC',
18 silly publish   dependencies: { 'fs-backwards-stream': '0.0.0', glob: '^5.0.14', q: '^1.4.1' },
18 silly publish   devDependencies: { 'jasmine-node': '^1.14.5' },
18 silly publish   readme: '# node-glob-tail\r\nReturn the tail of all files matching a glob pattern.\r\n\r\n## Usage\r\n    var globTail = require(\'glob-tail\');\r\n  \r\n    globTail(\'**/*.log\', { limit: 50 }, function (results) {\r\n      results.forEach(function(result) {\r\n\t\t\t\tconsole.log(Array(result.value.filename.length + 1).join(\'*\'));\r\n\t\t\t\tconsole.log(result.value.filename);\r\n\t\t\t\tconsole.log(Array(result.value.filename.length + 1).join(\'*\'));\r\n\t\t\t\tconsole.log();\r\n\t\t\t\tconsole.log(result.value.tail.join(\'\\n\'));\r\n\t\t\t\tconsole.log();\r\n\t\t\t\tconsole.log();\r\n      });\r\n    });\r\n',
18 silly publish   readmeFilename: 'README.md',
18 silly publish   gitHead: 'e21b667617d61d6724e56fbc11b8c8b7a9713667',
18 silly publish   _id: 'glob-tail@1.0.1',
18 silly publish   _shasum: '788402b2ff8ca970c30ca4d68ec8c4b99e0f904e',
18 silly publish   _from: '.' }
19 verbose getPublishConfig undefined
20 silly mapToRegistry name glob-tail
21 silly mapToRegistry using default registry
22 silly mapToRegistry registry http://registry.npmjs.org/
23 silly mapToRegistry uri http://registry.npmjs.org/glob-tail
24 verbose publish registryBase http://registry.npmjs.org/
25 silly publish uploading C:\Users\ctrombley\AppData\Roaming\npm-cache\glob-tail\1.0.1\package.tgz
26 verbose request uri http://registry.npmjs.org/glob-tail
27 verbose request sending authorization for write operation
28 info attempt registry request try #1 at 15:08:59
29 verbose request using bearer token for auth
30 verbose request id 017811376a9477e5
31 http request PUT http://registry.npmjs.org/glob-tail
32 http 403 http://registry.npmjs.org/glob-tail
33 verbose headers { 'content-type': 'application/json',
33 verbose headers   'cache-control': 'max-age=60',
33 verbose headers   'content-length': '95',
33 verbose headers   'accept-ranges': 'bytes',
33 verbose headers   date: 'Mon, 27 Jul 2015 22:08:59 GMT',
33 verbose headers   via: '1.1 varnish',
33 verbose headers   connection: 'keep-alive',
33 verbose headers   'x-served-by': 'cache-lax1423-LAX',
33 verbose headers   'x-cache': 'MISS',
33 verbose headers   'x-cache-hits': '0',
33 verbose headers   'x-timer': 'S1438034939.053787,VS0,VE882' }
34 verbose request invalidating C:\Users\ctrombley\AppData\Roaming\npm-cache\registry.npmjs.org\glob-tail on PUT
35 error publish Failed PUT 403
36 verbose stack Error: "You cannot publish over the previously published version 1.0.1." : glob-tail
36 verbose stack     at CachingRegistryClient.<anonymous> (C:\Users\ctrombley\AppData\Roaming\npm\node_modules\npm\node_modules\npm-registry-client\lib\request.js:247:14)
36 verbose stack     at Request._callback (C:\Users\ctrombley\AppData\Roaming\npm\node_modules\npm\node_modules\npm-registry-client\lib\request.js:170:14)
36 verbose stack     at Request.self.callback (C:\Users\ctrombley\AppData\Roaming\npm\node_modules\npm\node_modules\request\request.js:197:22)
36 verbose stack     at Request.EventEmitter.emit (events.js:98:17)
36 verbose stack     at Request.<anonymous> (C:\Users\ctrombley\AppData\Roaming\npm\node_modules\npm\node_modules\request\request.js:1050:14)
36 verbose stack     at Request.EventEmitter.emit (events.js:117:20)
36 verbose stack     at IncomingMessage.<anonymous> (C:\Users\ctrombley\AppData\Roaming\npm\node_modules\npm\node_modules\request\request.js:996:12)
36 verbose stack     at IncomingMessage.EventEmitter.emit (events.js:117:20)
36 verbose stack     at _stream_readable.js:919:16
36 verbose stack     at process._tickCallback (node.js:419:13)
37 verbose statusCode 403
38 verbose pkgid glob-tail
39 verbose cwd C:\temp\glob-tail
40 error Windows_NT 6.1.7601
41 error argv "node" "C:\\Users\\ctrombley\\AppData\\Roaming\\npm\\node_modules\\npm\\bin\\npm-cli.js" "publish" "--registry" "http://registry.npmjs.org" "--force"
42 error node v0.10.28
43 error npm  v2.13.0
44 error code E403
45 error "You cannot publish over the previously published version 1.0.1." : glob-tail
46 error If you need help, you may report this error at:
46 error     <https://github.com/npm/npm/issues>
47 verbose exit [ 1, true ]
